<?xml version="1.0" encoding="UTF-8" standalone="yes" ?>
<test-results name="C:\#DEV\#Projetos\horse-garbagecollector\test\Win32\Debug\horse_garbagecollector_test.exe" total="1" errors="0" failures="0" ignored="0" inconclusive="0" not-run="0" skipped="0" invalid="0" date="2023-04-30" time="16.975">
  <culture-info current-culture="en" current-uiculture="en" />
  <test-suite type="Assembly" name="horse_garbagecollector_test.exe" executed="true" result="Success" success="True" time="16.975" asserts="0">
    <results>
        <test-suite type="Namespace" name="Test" executed="true" result="Success" success="True" time="16.974" asserts="0" >
          <results>
              <test-suite type="Fixture" name="TMyTestObject" executed="True" result="Success" success="True" time="16.974" >
                <results>
                  <test-case name="Test_ArquivoCriadoSeraDeletado" executed="True" result="Success" success="True" time="13.381" asserts="0" />
                </results>
              </test-suite>
          </results>
        </test-suite>
    </results>
  </test-suite>
</test-results>
